
Dec 01 14:41:17.83
GET
---
mentormindapp-3kounbx4j-paulo-davis-projects.vercel.app
/favicon.png
28_x86_64.whl (1.4 MB) Collecting lz4>=3.1.10 (from sqlitecloud) ━━━━━━━━━━━━━━━━━━━━━━━━━━━━━━━━━━━━━━━━ 1.4/1.4 MB 126.0 MB/s eta 0:00:00 Downloading lz4-4.4.5-cp312-cp312-manylinux2014_x86_64.manylinux_2_17_x86_64.manylinux_2_28_x86_64.whl.metadata (3.8 kB) Downloading sqlitecloud-0.0.84-py3-none-any.whl (49 kB) Installing collected packages: lz4, sqlitecloud Downloading lz4-4.4.5-cp312-cp312-manylinux2014_x86_64.manylinux_2_17_x86_64.manylinux_2_28_x86_64.whl (1.4 MB) ━━━━━━━━━━━━━━━━━━━━━━━━━━━━━━━━━━━━━━━━ 1.4/1.4 MB 190.5 MB/s eta 0:00:00 Installing collected packages: lz4, sqlitecloud WARNING: The directory '/home/sbx_user1051/.cache/pip' or its parent directory is not owned or is not writable by the current user. The cache has been disabled. Check the permissions and owner of that directory. If executing pip with sudo, you should use sudo's -H flag. WARNING: The directory '/home/sbx_user1051/.cache/pip' or its parent directory is not owned or is not writable by the current user. The cache has been disabled. Check the permissions and owner of that directory. If executing pip with sudo, you should use sudo's -H flag. ERROR: Could not install packages due to an OSError: [Errno 30] Read-only file system: '/home/sbx_user1051' ERROR: Could not install packages due to an OSError: [Errno 30] Read-only file system: '/home/sbx_user1051' [notice] A new release of pip is available: 25.0.1 -> 25.3 [notice] To update, run: pip install --upgrade pip [notice] A new release of pip is available: 25.0.1 -> 25.3 [notice] To update, run: pip install --upgrade pip Error importing api/index.py: Traceback (most recent call last): File "/var/task/database.py", line 26, in get_db import sqlitecloud ModuleNotFoundError: No module named 'sqlitecloud' During handling of the above exception, another exception occurred: Traceback (most recent call last): File "/var/task/database.py", line 29, in get_db subprocess.check_call(['pip', 'install', 'sqlitecloud']) File "/var/lang/lib/python3.12/subprocess.py", line 413, in check_call raise CalledProcessError(retcode, cmd) subprocess.CalledProcessError: Command '['pip', 'install', 'sqlitecloud']' returned non-zero exit status 1. During handling of the above exception, another exception occurred: Traceback (most recent call last): File "/var/task/vc__handler__python.py", line 243, in <module> __vc_spec.loader.exec_module(__vc_module) File "<frozen importlib._bootstrap_external>", line 999, in exec_module File "<frozen importlib._bootstrap>", line 488, in _call_with_frames_removed File "/var/task/api/index.py", line 8, in <module> from app import app File "/var/task/app.py", line 1062, in <module> init_db() File "/var/task/database.py", line 334, in init_db conn = get_db() ^^^^^^^^ File "/var/task/database.py", line 49, in get_db conn = sqlite3.connect('mentormind.db', timeout=60.0, check_same_thread=False) ^^^^^^^^^^^^^^^^^^^^^^^^^^^^^^^^^^^^^^^^^^^^^^^^^^^^^^^^^^^^^^^^^^^^^^^ sqlite3.OperationalError: unable to open database file Thread de ping ao SQLite Cloud iniciado Erro ao conectar ao SQLite Cloud: Command '['pip', 'install', 'sqlitecloud']' returned non-zero exit status 1. Tentando conexão local de fallback... [2025-12-01 17:41:19.999726] Erro no ping ao SQLite Cloud: unable to open database file Erro ao conectar ao SQLite Cloud: Command '['pip', 'install', 'sqlitecloud']' returned non-zero exit status 1. Tentando conexão local de fallback... Python process exited with exit status: 1. The logs above can help with debugging the issue.
Dec 01 14:41:14.29
GET
500
mentormindapp-3kounbx4j-paulo-davis-projects.vercel.app
/favicon.png
28_x86_64.whl (1.4 MB) Collecting lz4>=3.1.10 (from sqlitecloud) Downloading lz4-4.4.5-cp312-cp312-manylinux2014_x86_64.manylinux_2_17_x86_64.manylinux_2_28_x86_64.whl.metadata (3.8 kB) Downloading sqlitecloud-0.0.84-py3-none-any.whl (49 kB) ━━━━━━━━━━━━━━━━━━━━━━━━━━━━━━━━━━━━━━━━ 1.4/1.4 MB 123.9 MB/s eta 0:00:00 Downloading lz4-4.4.5-cp312-cp312-manylinux2014_x86_64.manylinux_2_17_x86_64.manylinux_2_28_x86_64.whl (1.4 MB) ━━━━━━━━━━━━━━━━━━━━━━━━━━━━━━━━━━━━━━━━ 1.4/1.4 MB 182.2 MB/s eta 0:00:00 Installing collected packages: lz4, sqlitecloud Installing collected packages: lz4, sqlitecloud WARNING: The directory '/home/sbx_user1051/.cache/pip' or its parent directory is not owned or is not writable by the current user. The cache has been disabled. Check the permissions and owner of that directory. If executing pip with sudo, you should use sudo's -H flag. WARNING: The directory '/home/sbx_user1051/.cache/pip' or its parent directory is not owned or is not writable by the current user. The cache has been disabled. Check the permissions and owner of that directory. If executing pip with sudo, you should use sudo's -H flag. ERROR: Could not install packages due to an OSError: [Errno 30] Read-only file system: '/home/sbx_user1051' ERROR: Could not install packages due to an OSError: [Errno 30] Read-only file system: '/home/sbx_user1051' [notice] A new release of pip is available: 25.0.1 -> 25.3 [notice] To update, run: pip install --upgrade pip [notice] A new release of pip is available: 25.0.1 -> 25.3 [notice] To update, run: pip install --upgrade pip Error importing api/index.py: Traceback (most recent call last): File "/var/task/database.py", line 26, in get_db import sqlitecloud ModuleNotFoundError: No module named 'sqlitecloud' During handling of the above exception, another exception occurred: Traceback (most recent call last): File "/var/task/database.py", line 29, in get_db subprocess.check_call(['pip', 'install', 'sqlitecloud']) File "/var/lang/lib/python3.12/subprocess.py", line 413, in check_call raise CalledProcessError(retcode, cmd) subprocess.CalledProcessError: Command '['pip', 'install', 'sqlitecloud']' returned non-zero exit status 1. During handling of the above exception, another exception occurred: Traceback (most recent call last): File "/var/task/vc__handler__python.py", line 243, in <module> __vc_spec.loader.exec_module(__vc_module) File "<frozen importlib._bootstrap_external>", line 999, in exec_module File "<frozen importlib._bootstrap>", line 488, in _call_with_frames_removed File "/var/task/api/index.py", line 8, in <module> from app import app File "/var/task/app.py", line 1062, in <module> init_db() File "/var/task/database.py", line 334, in init_db conn = get_db() ^^^^^^^^ File "/var/task/database.py", line 49, in get_db conn = sqlite3.connect('mentormind.db', timeout=60.0, check_same_thread=False) ^^^^^^^^^^^^^^^^^^^^^^^^^^^^^^^^^^^^^^^^^^^^^^^^^^^^^^^^^^^^^^^^^^^^^^^ sqlite3.OperationalError: unable to open database file Thread de ping ao SQLite Cloud iniciado Erro ao conectar ao SQLite Cloud: Command '['pip', 'install', 'sqlitecloud']' returned non-zero exit status 1. Tentando conexão local de fallback... [2025-12-01 17:41:16.551931] Erro no ping ao SQLite Cloud: unable to open database file Erro ao conectar ao SQLite Cloud: Command '['pip', 'install', 'sqlitecloud']' returned non-zero exit status 1. Tentando conexão local de fallback... Python process exited with exit status: 1. The logs above can help with debugging the issue.
Dec 01 14:41:13.99
GET
---
mentormindapp-3kounbx4j-paulo-davis-projects.vercel.app
/favicon.png
_28_x86_64.whl (1.4 MB) ━━━━━━━━━━━━━━━━━━━━━━━━━━━━━━━━━━━━━━━━ 1.4/1.4 MB 153.8 MB/s eta 0:00:00 Collecting lz4>=3.1.10 (from sqlitecloud) Downloading lz4-4.4.5-cp312-cp312-manylinux2014_x86_64.manylinux_2_17_x86_64.manylinux_2_28_x86_64.whl.metadata (3.8 kB) Installing collected packages: lz4, sqlitecloud Downloading sqlitecloud-0.0.84-py3-none-any.whl (49 kB) Downloading lz4-4.4.5-cp312-cp312-manylinux2014_x86_64.manylinux_2_17_x86_64.manylinux_2_28_x86_64.whl (1.4 MB) ━━━━━━━━━━━━━━━━━━━━━━━━━━━━━━━━━━━━━━━━ 1.4/1.4 MB 91.7 MB/s eta 0:00:00 Installing collected packages: lz4, sqlitecloud WARNING: The directory '/home/sbx_user1051/.cache/pip' or its parent directory is not owned or is not writable by the current user. The cache has been disabled. Check the permissions and owner of that directory. If executing pip with sudo, you should use sudo's -H flag. WARNING: The directory '/home/sbx_user1051/.cache/pip' or its parent directory is not owned or is not writable by the current user. The cache has been disabled. Check the permissions and owner of that directory. If executing pip with sudo, you should use sudo's -H flag. ERROR: Could not install packages due to an OSError: [Errno 30] Read-only file system: '/home/sbx_user1051' ERROR: Could not install packages due to an OSError: [Errno 30] Read-only file system: '/home/sbx_user1051' [notice] A new release of pip is available: 25.0.1 -> 25.3 [notice] To update, run: pip install --upgrade pip [notice] A new release of pip is available: 25.0.1 -> 25.3 [notice] To update, run: pip install --upgrade pip Error importing api/index.py: Traceback (most recent call last): File "/var/task/database.py", line 26, in get_db import sqlitecloud ModuleNotFoundError: No module named 'sqlitecloud' During handling of the above exception, another exception occurred: Traceback (most recent call last): File "/var/task/database.py", line 29, in get_db subprocess.check_call(['pip', 'install', 'sqlitecloud']) File "/var/lang/lib/python3.12/subprocess.py", line 413, in check_call raise CalledProcessError(retcode, cmd) subprocess.CalledProcessError: Command '['pip', 'install', 'sqlitecloud']' returned non-zero exit status 1. During handling of the above exception, another exception occurred: Traceback (most recent call last): File "/var/task/vc__handler__python.py", line 243, in <module> __vc_spec.loader.exec_module(__vc_module) File "<frozen importlib._bootstrap_external>", line 999, in exec_module File "<frozen importlib._bootstrap>", line 488, in _call_with_frames_removed File "/var/task/api/index.py", line 8, in <module> from app import app File "/var/task/app.py", line 1062, in <module> init_db() File "/var/task/database.py", line 334, in init_db conn = get_db() ^^^^^^^^ File "/var/task/database.py", line 49, in get_db conn = sqlite3.connect('mentormind.db', timeout=60.0, check_same_thread=False) ^^^^^^^^^^^^^^^^^^^^^^^^^^^^^^^^^^^^^^^^^^^^^^^^^^^^^^^^^^^^^^^^^^^^^^^ sqlite3.OperationalError: unable to open database file Thread de ping ao SQLite Cloud iniciado Erro ao conectar ao SQLite Cloud: Command '['pip', 'install', 'sqlitecloud']' returned non-zero exit status 1. Tentando conexão local de fallback... [2025-12-01 17:41:16.153198] Erro no ping ao SQLite Cloud: unable to open database file Erro ao conectar ao SQLite Cloud: Command '['pip', 'install', 'sqlitecloud']' returned non-zero exit status 1. Tentando conexão local de fallback... Python process exited with exit status: 1. The logs above can help with debugging the issue.
Dec 01 14:41:12.06
GET
500
mentormindapp.vercel.app
/
metadata (3.8 kB) Downloading sqlitecloud-0.0.84-py3-none-any.whl (49 kB) Downloading sqlitecloud-0.0.84-py3-none-any.whl (49 kB) Downloading lz4-4.4.5-cp312-cp312-manylinux2014_x86_64.manylinux_2_17_x86_64.manylinux_2_28_x86_64.whl (1.4 MB) Downloading lz4-4.4.5-cp312-cp312-manylinux2014_x86_64.manylinux_2_17_x86_64.manylinux_2_28_x86_64.whl (1.4 MB) ━━━━━━━━━━━━━━━━━━━━━━━━━━━━━━━━━━━━━━━━ 1.4/1.4 MB 174.2 MB/s eta 0:00:00 ━━━━━━━━━━━━━━━━━━━━━━━━━━━━━━━━━━━━━━━━ 1.4/1.4 MB 178.7 MB/s eta 0:00:00 Installing collected packages: lz4, sqlitecloud Installing collected packages: lz4, sqlitecloud WARNING: The directory '/home/sbx_user1051/.cache/pip' or its parent directory is not owned or is not writable by the current user. The cache has been disabled. Check the permissions and owner of that directory. If executing pip with sudo, you should use sudo's -H flag. WARNING: The directory '/home/sbx_user1051/.cache/pip' or its parent directory is not owned or is not writable by the current user. The cache has been disabled. Check the permissions and owner of that directory. If executing pip with sudo, you should use sudo's -H flag. ERROR: Could not install packages due to an OSError: [Errno 30] Read-only file system: '/home/sbx_user1051' ERROR: Could not install packages due to an OSError: [Errno 30] Read-only file system: '/home/sbx_user1051' [notice] A new release of pip is available: 25.0.1 -> 25.3 [notice] To update, run: pip install --upgrade pip [notice] A new release of pip is available: 25.0.1 -> 25.3 [notice] To update, run: pip install --upgrade pip Error importing api/index.py: Traceback (most recent call last): File "/var/task/database.py", line 26, in get_db import sqlitecloud ModuleNotFoundError: No module named 'sqlitecloud' During handling of the above exception, another exception occurred: Traceback (most recent call last): File "/var/task/database.py", line 29, in get_db subprocess.check_call(['pip', 'install', 'sqlitecloud']) File "/var/lang/lib/python3.12/subprocess.py", line 413, in check_call raise CalledProcessError(retcode, cmd) subprocess.CalledProcessError: Command '['pip', 'install', 'sqlitecloud']' returned non-zero exit status 1. During handling of the above exception, another exception occurred: Traceback (most recent call last): File "/var/task/vc__handler__python.py", line 243, in <module> __vc_spec.loader.exec_module(__vc_module) File "<frozen importlib._bootstrap_external>", line 999, in exec_module File "<frozen importlib._bootstrap>", line 488, in _call_with_frames_removed File "/var/task/api/index.py", line 8, in <module> from app import app File "/var/task/app.py", line 1062, in <module> init_db() File "/var/task/database.py", line 334, in init_db conn = get_db() ^^^^^^^^ File "/var/task/database.py", line 49, in get_db conn = sqlite3.connect('mentormind.db', timeout=60.0, check_same_thread=False) ^^^^^^^^^^^^^^^^^^^^^^^^^^^^^^^^^^^^^^^^^^^^^^^^^^^^^^^^^^^^^^^^^^^^^^^ sqlite3.OperationalError: unable to open database file Thread de ping ao SQLite Cloud iniciado Erro ao conectar ao SQLite Cloud: Command '['pip', 'install', 'sqlitecloud']' returned non-zero exit status 1. Tentando conexão local de fallback... [2025-12-01 17:41:14.504918] Erro no ping ao SQLite Cloud: unable to open database file Erro ao conectar ao SQLite Cloud: Command '['pip', 'install', 'sqlitecloud']' returned non-zero exit status 1. Tentando conexão local de fallback... Python process exited with exit status: 1. The logs above can help with debugging the issue.
Dec 01 14:41:11.86
GET
500
mentormindapp.vercel.app
/
Dec 01 14:41:11.81
GET
---
mentormindapp-3kounbx4j-paulo-davis-projects.vercel.app
/favicon.ico
cp312-manylinux2014_x86_64.manylinux_2_17_x86_64.manylinux_2_28_x86_64.whl.metadata (3.8 kB) Collecting lz4>=3.1.10 (from sqlitecloud) Downloading sqlitecloud-0.0.84-py3-none-any.whl (49 kB) Downloading lz4-4.4.5-cp312-cp312-manylinux2014_x86_64.manylinux_2_17_x86_64.manylinux_2_28_x86_64.whl.metadata (3.8 kB) Downloading sqlitecloud-0.0.84-py3-none-any.whl (49 kB) Downloading lz4-4.4.5-cp312-cp312-manylinux2014_x86_64.manylinux_2_17_x86_64.manylinux_2_28_x86_64.whl (1.4 MB) Downloading lz4-4.4.5-cp312-cp312-manylinux2014_x86_64.manylinux_2_17_x86_64.manylinux_2_28_x86_64.whl (1.4 MB) ━━━━━━━━━━━━━━━━━━━━━━━━━━━━━━━━━━━━━━━━ 1.4/1.4 MB 174.9 MB/s eta 0:00:00 ━━━━━━━━━━━━━━━━━━━━━━━━━━━━━━━━━━━━━━━━ 1.4/1.4 MB 125.3 MB/s eta 0:00:00 Installing collected packages: lz4, sqlitecloud WARNING: The directory '/home/sbx_user1051/.cache/pip' or its parent directory is not owned or is not writable by the current user. The cache has been disabled. Check the permissions and owner of that directory. If executing pip with sudo, you should use sudo's -H flag. WARNING: The directory '/home/sbx_user1051/.cache/pip' or its parent directory is not owned or is not writable by the current user. The cache has been disabled. Check the permissions and owner of that directory. If executing pip with sudo, you should use sudo's -H flag. ERROR: Could not install packages due to an OSError: [Errno 30] Read-only file system: '/home/sbx_user1051' ERROR: Could not install packages due to an OSError: [Errno 30] Read-only file system: '/home/sbx_user1051' [notice] A new release of pip is available: 25.0.1 -> 25.3 [notice] To update, run: pip install --upgrade pip [notice] A new release of pip is available: 25.0.1 -> 25.3 Installing collected packages: lz4, sqlitecloud [notice] To update, run: pip install --upgrade pip Error importing api/index.py: Traceback (most recent call last): File "/var/task/database.py", line 26, in get_db import sqlitecloud ModuleNotFoundError: No module named 'sqlitecloud' During handling of the above exception, another exception occurred: Traceback (most recent call last): File "/var/task/database.py", line 29, in get_db subprocess.check_call(['pip', 'install', 'sqlitecloud']) File "/var/lang/lib/python3.12/subprocess.py", line 413, in check_call raise CalledProcessError(retcode, cmd) subprocess.CalledProcessError: Command '['pip', 'install', 'sqlitecloud']' returned non-zero exit status 1. During handling of the above exception, another exception occurred: Traceback (most recent call last): File "/var/task/vc__handler__python.py", line 243, in <module> __vc_spec.loader.exec_module(__vc_module) File "<frozen importlib._bootstrap_external>", line 999, in exec_module File "<frozen importlib._bootstrap>", line 488, in _call_with_frames_removed File "/var/task/api/index.py", line 8, in <module> from app import app File "/var/task/app.py", line 1062, in <module> init_db() File "/var/task/database.py", line 334, in init_db conn = get_db() ^^^^^^^^ File "/var/task/database.py", line 49, in get_db conn = sqlite3.connect('mentormind.db', timeout=60.0, check_same_thread=False) ^^^^^^^^^^^^^^^^^^^^^^^^^^^^^^^^^^^^^^^^^^^^^^^^^^^^^^^^^^^^^^^^^^^^^^^ sqlite3.OperationalError: unable to open database file Thread de ping ao SQLite Cloud iniciado Erro ao conectar ao SQLite Cloud: Command '['pip', 'install', 'sqlitecloud']' returned non-zero exit status 1. Tentando conexão local de fallback... Python process exited with exit status: 1. The logs above can help with debugging the issue.
Dec 01 14:41:09.44
GET
500
mentormindapp-3kounbx4j-paulo-davis-projects.vercel.app
/favicon.png
m sqlitecloud) Downloading lz4-4.4.5-cp312-cp312-manylinux2014_x86_64.manylinux_2_17_x86_64.manylinux_2_28_x86_64.whl.metadata (3.8 kB) Downloading lz4-4.4.5-cp312-cp312-manylinux2014_x86_64.manylinux_2_17_x86_64.manylinux_2_28_x86_64.whl.metadata (3.8 kB) Downloading sqlitecloud-0.0.84-py3-none-any.whl (49 kB) Downloading sqlitecloud-0.0.84-py3-none-any.whl (49 kB) Downloading lz4-4.4.5-cp312-cp312-manylinux2014_x86_64.manylinux_2_17_x86_64.manylinux_2_28_x86_64.whl (1.4 MB) Downloading lz4-4.4.5-cp312-cp312-manylinux2014_x86_64.manylinux_2_17_x86_64.manylinux_2_28_x86_64.whl (1.4 MB) ━━━━━━━━━━━━━━━━━━━━━━━━━━━━━━━━━━━━━━━━ 1.4/1.4 MB 152.5 MB/s eta 0:00:00 ━━━━━━━━━━━━━━━━━━━━━━━━━━━━━━━━━━━━━━━━ 1.4/1.4 MB 91.0 MB/s eta 0:00:00 Installing collected packages: lz4, sqlitecloud Installing collected packages: lz4, sqlitecloud WARNING: The directory '/home/sbx_user1051/.cache/pip' or its parent directory is not owned or is not writable by the current user. The cache has been disabled. Check the permissions and owner of that directory. If executing pip with sudo, you should use sudo's -H flag. WARNING: The directory '/home/sbx_user1051/.cache/pip' or its parent directory is not owned or is not writable by the current user. The cache has been disabled. Check the permissions and owner of that directory. If executing pip with sudo, you should use sudo's -H flag. ERROR: Could not install packages due to an OSError: [Errno 30] Read-only file system: '/home/sbx_user1051' ERROR: Could not install packages due to an OSError: [Errno 30] Read-only file system: '/home/sbx_user1051' [notice] A new release of pip is available: 25.0.1 -> 25.3 [notice] To update, run: pip install --upgrade pip [notice] A new release of pip is available: 25.0.1 -> 25.3 [notice] To update, run: pip install --upgrade pip Error importing api/index.py: Traceback (most recent call last): File "/var/task/database.py", line 26, in get_db import sqlitecloud ModuleNotFoundError: No module named 'sqlitecloud' During handling of the above exception, another exception occurred: Traceback (most recent call last): File "/var/task/database.py", line 29, in get_db subprocess.check_call(['pip', 'install', 'sqlitecloud']) File "/var/lang/lib/python3.12/subprocess.py", line 413, in check_call raise CalledProcessError(retcode, cmd) subprocess.CalledProcessError: Command '['pip', 'install', 'sqlitecloud']' returned non-zero exit status 1. During handling of the above exception, another exception occurred: Traceback (most recent call last): File "/var/task/vc__handler__python.py", line 243, in <module> __vc_spec.loader.exec_module(__vc_module) File "<frozen importlib._bootstrap_external>", line 999, in exec_module File "<frozen importlib._bootstrap>", line 488, in _call_with_frames_removed File "/var/task/api/index.py", line 8, in <module> from app import app File "/var/task/app.py", line 1062, in <module> init_db() File "/var/task/database.py", line 334, in init_db conn = get_db() ^^^^^^^^ File "/var/task/database.py", line 49, in get_db conn = sqlite3.connect('mentormind.db', timeout=60.0, check_same_thread=False) ^^^^^^^^^^^^^^^^^^^^^^^^^^^^^^^^^^^^^^^^^^^^^^^^^^^^^^^^^^^^^^^^^^^^^^^ sqlite3.OperationalError: unable to open database file Thread de ping ao SQLite Cloud iniciado Erro ao conectar ao SQLite Cloud: Command '['pip', 'install', 'sqlitecloud']' returned non-zero exit status 1. Tentando conexão local de fallback... Python process exited with exit status: 1. The logs above can help with debugging the issue.
Dec 01 14:41:07.37
GET
---
mentormindapp-3kounbx4j-paulo-davis-projects.vercel.app
/favicon.ico
cp312-manylinux2014_x86_64.manylinux_2_17_x86_64.manylinux_2_28_x86_64.whl.metadata (3.8 kB) Downloading sqlitecloud-0.0.84-py3-none-any.whl (49 kB) Collecting lz4>=3.1.10 (from sqlitecloud) Downloading lz4-4.4.5-cp312-cp312-manylinux2014_x86_64.manylinux_2_17_x86_64.manylinux_2_28_x86_64.whl (1.4 MB) Downloading lz4-4.4.5-cp312-cp312-manylinux2014_x86_64.manylinux_2_17_x86_64.manylinux_2_28_x86_64.whl.metadata (3.8 kB) Downloading sqlitecloud-0.0.84-py3-none-any.whl (49 kB) ━━━━━━━━━━━━━━━━━━━━━━━━━━━━━━━━━━━━━━━━ 1.4/1.4 MB 154.0 MB/s eta 0:00:00 Downloading lz4-4.4.5-cp312-cp312-manylinux2014_x86_64.manylinux_2_17_x86_64.manylinux_2_28_x86_64.whl (1.4 MB) ━━━━━━━━━━━━━━━━━━━━━━━━━━━━━━━━━━━━━━━━ 1.4/1.4 MB 143.9 MB/s eta 0:00:00 Installing collected packages: lz4, sqlitecloud Installing collected packages: lz4, sqlitecloud WARNING: The directory '/home/sbx_user1051/.cache/pip' or its parent directory is not owned or is not writable by the current user. The cache has been disabled. Check the permissions and owner of that directory. If executing pip with sudo, you should use sudo's -H flag. WARNING: The directory '/home/sbx_user1051/.cache/pip' or its parent directory is not owned or is not writable by the current user. The cache has been disabled. Check the permissions and owner of that directory. If executing pip with sudo, you should use sudo's -H flag. ERROR: Could not install packages due to an OSError: [Errno 30] Read-only file system: '/home/sbx_user1051' ERROR: Could not install packages due to an OSError: [Errno 30] Read-only file system: '/home/sbx_user1051' [notice] A new release of pip is available: 25.0.1 -> 25.3 [notice] To update, run: pip install --upgrade pip [notice] A new release of pip is available: 25.0.1 -> 25.3 [notice] To update, run: pip install --upgrade pip Error importing api/index.py: Traceback (most recent call last): File "/var/task/database.py", line 26, in get_db import sqlitecloud ModuleNotFoundError: No module named 'sqlitecloud' During handling of the above exception, another exception occurred: Traceback (most recent call last): File "/var/task/database.py", line 29, in get_db subprocess.check_call(['pip', 'install', 'sqlitecloud']) File "/var/lang/lib/python3.12/subprocess.py", line 413, in check_call raise CalledProcessError(retcode, cmd) subprocess.CalledProcessError: Command '['pip', 'install', 'sqlitecloud']' returned non-zero exit status 1. During handling of the above exception, another exception occurred: Traceback (most recent call last): File "/var/task/vc__handler__python.py", line 243, in <module> __vc_spec.loader.exec_module(__vc_module) File "<frozen importlib._bootstrap_external>", line 999, in exec_module File "<frozen importlib._bootstrap>", line 488, in _call_with_frames_removed File "/var/task/api/index.py", line 8, in <module> from app import app File "/var/task/app.py", line 1062, in <module> init_db() File "/var/task/database.py", line 334, in init_db conn = get_db() ^^^^^^^^ File "/var/task/database.py", line 49, in get_db conn = sqlite3.connect('mentormind.db', timeout=60.0, check_same_thread=False) ^^^^^^^^^^^^^^^^^^^^^^^^^^^^^^^^^^^^^^^^^^^^^^^^^^^^^^^^^^^^^^^^^^^^^^^ sqlite3.OperationalError: unable to open database file Thread de ping ao SQLite Cloud iniciado Erro ao conectar ao SQLite Cloud: Command '['pip', 'install', 'sqlitecloud']' returned non-zero exit status 1. Tentando conexão local de fallback... Python process exited with exit status: 1. The logs above can help with debugging the issue.
Dec 01 14:41:05.93
GET
---
mentormindapp-3kounbx4j-paulo-davis-projects.vercel.app
/favicon.png
_28_x86_64.whl (1.4 MB) Collecting lz4>=3.1.10 (from sqlitecloud) Downloading lz4-4.4.5-cp312-cp312-manylinux2014_x86_64.manylinux_2_17_x86_64.manylinux_2_28_x86_64.whl.metadata (3.8 kB) Downloading sqlitecloud-0.0.84-py3-none-any.whl (49 kB) ━━━━━━━━━━━━━━━━━━━━━━━━━━━━━━━━━━━━━━━━ 1.4/1.4 MB 85.7 MB/s eta 0:00:00 Downloading lz4-4.4.5-cp312-cp312-manylinux2014_x86_64.manylinux_2_17_x86_64.manylinux_2_28_x86_64.whl (1.4 MB) ━━━━━━━━━━━━━━━━━━━━━━━━━━━━━━━━━━━━━━━━ 1.4/1.4 MB 117.4 MB/s eta 0:00:00 Installing collected packages: lz4, sqlitecloud Installing collected packages: lz4, sqlitecloud WARNING: The directory '/home/sbx_user1051/.cache/pip' or its parent directory is not owned or is not writable by the current user. The cache has been disabled. Check the permissions and owner of that directory. If executing pip with sudo, you should use sudo's -H flag. WARNING: The directory '/home/sbx_user1051/.cache/pip' or its parent directory is not owned or is not writable by the current user. The cache has been disabled. Check the permissions and owner of that directory. If executing pip with sudo, you should use sudo's -H flag. ERROR: Could not install packages due to an OSError: [Errno 30] Read-only file system: '/home/sbx_user1051' ERROR: Could not install packages due to an OSError: [Errno 30] Read-only file system: '/home/sbx_user1051' [notice] A new release of pip is available: 25.0.1 -> 25.3 [notice] To update, run: pip install --upgrade pip [notice] A new release of pip is available: 25.0.1 -> 25.3 [notice] To update, run: pip install --upgrade pip Error importing api/index.py: Traceback (most recent call last): File "/var/task/database.py", line 26, in get_db import sqlitecloud ModuleNotFoundError: No module named 'sqlitecloud' During handling of the above exception, another exception occurred: Traceback (most recent call last): File "/var/task/database.py", line 29, in get_db subprocess.check_call(['pip', 'install', 'sqlitecloud']) File "/var/lang/lib/python3.12/subprocess.py", line 413, in check_call raise CalledProcessError(retcode, cmd) subprocess.CalledProcessError: Command '['pip', 'install', 'sqlitecloud']' returned non-zero exit status 1. During handling of the above exception, another exception occurred: Traceback (most recent call last): File "/var/task/vc__handler__python.py", line 243, in <module> __vc_spec.loader.exec_module(__vc_module) File "<frozen importlib._bootstrap_external>", line 999, in exec_module File "<frozen importlib._bootstrap>", line 488, in _call_with_frames_removed File "/var/task/api/index.py", line 8, in <module> from app import app File "/var/task/app.py", line 1062, in <module> init_db() File "/var/task/database.py", line 334, in init_db conn = get_db() ^^^^^^^^ File "/var/task/database.py", line 49, in get_db conn = sqlite3.connect('mentormind.db', timeout=60.0, check_same_thread=False) ^^^^^^^^^^^^^^^^^^^^^^^^^^^^^^^^^^^^^^^^^^^^^^^^^^^^^^^^^^^^^^^^^^^^^^^ sqlite3.OperationalError: unable to open database file Thread de ping ao SQLite Cloud iniciado Erro ao conectar ao SQLite Cloud: Command '['pip', 'install', 'sqlitecloud']' returned non-zero exit status 1. Tentando conexão local de fallback... [2025-12-01 17:41:08.211454] Erro no ping ao SQLite Cloud: unable to open database file Erro ao conectar ao SQLite Cloud: Command '['pip', 'install', 'sqlitecloud']' returned non-zero exit status 1. Tentando conexão local de fallback... Python process exited with exit status: 1. The logs above can help with debugging the issue.
Dec 01 14:41:03.93
GET
---
mentormindapp-3kounbx4j-paulo-davis-projects.vercel.app
/favicon.ico
cp312-manylinux2014_x86_64.manylinux_2_17_x86_64.manylinux_2_28_x86_64.whl.metadata (3.8 kB) Downloading sqlitecloud-0.0.84-py3-none-any.whl (49 kB) Downloading lz4-4.4.5-cp312-cp312-manylinux2014_x86_64.manylinux_2_17_x86_64.manylinux_2_28_x86_64.whl (1.4 MB) ━━━━━━━━━━━━━━━━━━━━━━━━━━━━━━━━━━━━━━━━ 1.4/1.4 MB 115.5 MB/s eta 0:00:00 Collecting lz4>=3.1.10 (from sqlitecloud) Downloading lz4-4.4.5-cp312-cp312-manylinux2014_x86_64.manylinux_2_17_x86_64.manylinux_2_28_x86_64.whl.metadata (3.8 kB) Installing collected packages: lz4, sqlitecloud Downloading sqlitecloud-0.0.84-py3-none-any.whl (49 kB) Downloading lz4-4.4.5-cp312-cp312-manylinux2014_x86_64.manylinux_2_17_x86_64.manylinux_2_28_x86_64.whl (1.4 MB) ━━━━━━━━━━━━━━━━━━━━━━━━━━━━━━━━━━━━━━━━ 1.4/1.4 MB 143.5 MB/s eta 0:00:00 Installing collected packages: lz4, sqlitecloud WARNING: The directory '/home/sbx_user1051/.cache/pip' or its parent directory is not owned or is not writable by the current user. The cache has been disabled. Check the permissions and owner of that directory. If executing pip with sudo, you should use sudo's -H flag. WARNING: The directory '/home/sbx_user1051/.cache/pip' or its parent directory is not owned or is not writable by the current user. The cache has been disabled. Check the permissions and owner of that directory. If executing pip with sudo, you should use sudo's -H flag. ERROR: Could not install packages due to an OSError: [Errno 30] Read-only file system: '/home/sbx_user1051' ERROR: Could not install packages due to an OSError: [Errno 30] Read-only file system: '/home/sbx_user1051' [notice] A new release of pip is available: 25.0.1 -> 25.3 [notice] To update, run: pip install --upgrade pip [notice] A new release of pip is available: 25.0.1 -> 25.3 [notice] To update, run: pip install --upgrade pip Error importing api/index.py: Traceback (most recent call last): File "/var/task/database.py", line 26, in get_db import sqlitecloud ModuleNotFoundError: No module named 'sqlitecloud' During handling of the above exception, another exception occurred: Traceback (most recent call last): File "/var/task/database.py", line 29, in get_db subprocess.check_call(['pip', 'install', 'sqlitecloud']) File "/var/lang/lib/python3.12/subprocess.py", line 413, in check_call raise CalledProcessError(retcode, cmd) subprocess.CalledProcessError: Command '['pip', 'install', 'sqlitecloud']' returned non-zero exit status 1. During handling of the above exception, another exception occurred: Traceback (most recent call last): File "/var/task/vc__handler__python.py", line 243, in <module> __vc_spec.loader.exec_module(__vc_module) File "<frozen importlib._bootstrap_external>", line 999, in exec_module File "<frozen importlib._bootstrap>", line 488, in _call_with_frames_removed File "/var/task/api/index.py", line 8, in <module> from app import app File "/var/task/app.py", line 1062, in <module> init_db() File "/var/task/database.py", line 334, in init_db conn = get_db() ^^^^^^^^ File "/var/task/database.py", line 49, in get_db conn = sqlite3.connect('mentormind.db', timeout=60.0, check_same_thread=False) ^^^^^^^^^^^^^^^^^^^^^^^^^^^^^^^^^^^^^^^^^^^^^^^^^^^^^^^^^^^^^^^^^^^^^^^ sqlite3.OperationalError: unable to open database file Thread de ping ao SQLite Cloud iniciado Erro ao conectar ao SQLite Cloud: Command '['pip', 'install', 'sqlitecloud']' returned non-zero exit status 1. Tentando conexão local de fallback... Python process exited with exit status: 1. The logs above can help with debugging the issue.
Dec 01 14:41:03.45
GET
500
mentormindapp-3kounbx4j-paulo-davis-projects.vercel.app
/favicon.ico
metadata (3.8 kB) Downloading sqlitecloud-0.0.84-py3-none-any.whl (49 kB) Downloading sqlitecloud-0.0.84-py3-none-any.whl (49 kB) Downloading lz4-4.4.5-cp312-cp312-manylinux2014_x86_64.manylinux_2_17_x86_64.manylinux_2_28_x86_64.whl (1.4 MB) Downloading lz4-4.4.5-cp312-cp312-manylinux2014_x86_64.manylinux_2_17_x86_64.manylinux_2_28_x86_64.whl (1.4 MB) ━━━━━━━━━━━━━━━━━━━━━━━━━━━━━━━━━━━━━━━━ 1.4/1.4 MB 157.4 MB/s eta 0:00:00 ━━━━━━━━━━━━━━━━━━━━━━━━━━━━━━━━━━━━━━━━ 1.4/1.4 MB 118.7 MB/s eta 0:00:00 Installing collected packages: lz4, sqlitecloud Installing collected packages: lz4, sqlitecloud WARNING: The directory '/home/sbx_user1051/.cache/pip' or its parent directory is not owned or is not writable by the current user. The cache has been disabled. Check the permissions and owner of that directory. If executing pip with sudo, you should use sudo's -H flag. WARNING: The directory '/home/sbx_user1051/.cache/pip' or its parent directory is not owned or is not writable by the current user. The cache has been disabled. Check the permissions and owner of that directory. If executing pip with sudo, you should use sudo's -H flag. ERROR: Could not install packages due to an OSError: [Errno 30] Read-only file system: '/home/sbx_user1051' ERROR: Could not install packages due to an OSError: [Errno 30] Read-only file system: '/home/sbx_user1051' [notice] A new release of pip is available: 25.0.1 -> 25.3 [notice] To update, run: pip install --upgrade pip [notice] A new release of pip is available: 25.0.1 -> 25.3 [notice] To update, run: pip install --upgrade pip Error importing api/index.py: Traceback (most recent call last): File "/var/task/database.py", line 26, in get_db import sqlitecloud ModuleNotFoundError: No module named 'sqlitecloud' During handling of the above exception, another exception occurred: Traceback (most recent call last): File "/var/task/database.py", line 29, in get_db subprocess.check_call(['pip', 'install', 'sqlitecloud']) File "/var/lang/lib/python3.12/subprocess.py", line 413, in check_call raise CalledProcessError(retcode, cmd) subprocess.CalledProcessError: Command '['pip', 'install', 'sqlitecloud']' returned non-zero exit status 1. During handling of the above exception, another exception occurred: Traceback (most recent call last): File "/var/task/vc__handler__python.py", line 243, in <module> __vc_spec.loader.exec_module(__vc_module) File "<frozen importlib._bootstrap_external>", line 999, in exec_module File "<frozen importlib._bootstrap>", line 488, in _call_with_frames_removed File "/var/task/api/index.py", line 8, in <module> from app import app File "/var/task/app.py", line 1062, in <module> init_db() File "/var/task/database.py", line 334, in init_db conn = get_db() ^^^^^^^^ File "/var/task/database.py", line 49, in get_db conn = sqlite3.connect('mentormind.db', timeout=60.0, check_same_thread=False) ^^^^^^^^^^^^^^^^^^^^^^^^^^^^^^^^^^^^^^^^^^^^^^^^^^^^^^^^^^^^^^^^^^^^^^^ sqlite3.OperationalError: unable to open database file Thread de ping ao SQLite Cloud iniciado Erro ao conectar ao SQLite Cloud: Command '['pip', 'install', 'sqlitecloud']' returned non-zero exit status 1. Tentando conexão local de fallback... [2025-12-01 17:41:05.751462] Erro no ping ao SQLite Cloud: unable to open database file Erro ao conectar ao SQLite Cloud: Command '['pip', 'install', 'sqlitecloud']' returned non-zero exit status 1. Tentando conexão local de fallback... Python process exited with exit status: 1. The logs above can help with debugging the issue.
Dec 01 14:41:01.49
GET
---
mentormindapp-3kounbx4j-paulo-davis-projects.vercel.app
/
cp312-manylinux2014_x86_64.manylinux_2_17_x86_64.manylinux_2_28_x86_64.whl.metadata (3.8 kB) Downloading sqlitecloud-0.0.84-py3-none-any.whl (49 kB) Downloading lz4-4.4.5-cp312-cp312-manylinux2014_x86_64.manylinux_2_17_x86_64.manylinux_2_28_x86_64.whl (1.4 MB) ━━━━━━━━━━━━━━━━━━━━━━━━━━━━━━━━━━━━━━━━ 1.4/1.4 MB 160.0 MB/s eta 0:00:00 Collecting lz4>=3.1.10 (from sqlitecloud) Downloading lz4-4.4.5-cp312-cp312-manylinux2014_x86_64.manylinux_2_17_x86_64.manylinux_2_28_x86_64.whl.metadata (3.8 kB) Downloading sqlitecloud-0.0.84-py3-none-any.whl (49 kB) Installing collected packages: lz4, sqlitecloud Downloading lz4-4.4.5-cp312-cp312-manylinux2014_x86_64.manylinux_2_17_x86_64.manylinux_2_28_x86_64.whl (1.4 MB) ━━━━━━━━━━━━━━━━━━━━━━━━━━━━━━━━━━━━━━━━ 1.4/1.4 MB 215.7 MB/s eta 0:00:00 Installing collected packages: lz4, sqlitecloud WARNING: The directory '/home/sbx_user1051/.cache/pip' or its parent directory is not owned or is not writable by the current user. The cache has been disabled. Check the permissions and owner of that directory. If executing pip with sudo, you should use sudo's -H flag. WARNING: The directory '/home/sbx_user1051/.cache/pip' or its parent directory is not owned or is not writable by the current user. The cache has been disabled. Check the permissions and owner of that directory. If executing pip with sudo, you should use sudo's -H flag. ERROR: Could not install packages due to an OSError: [Errno 30] Read-only file system: '/home/sbx_user1051' ERROR: Could not install packages due to an OSError: [Errno 30] Read-only file system: '/home/sbx_user1051' [notice] A new release of pip is available: 25.0.1 -> 25.3 [notice] To update, run: pip install --upgrade pip [notice] A new release of pip is available: 25.0.1 -> 25.3 [notice] To update, run: pip install --upgrade pip Error importing api/index.py: Traceback (most recent call last): File "/var/task/database.py", line 26, in get_db import sqlitecloud ModuleNotFoundError: No module named 'sqlitecloud' During handling of the above exception, another exception occurred: Traceback (most recent call last): File "/var/task/database.py", line 29, in get_db subprocess.check_call(['pip', 'install', 'sqlitecloud']) File "/var/lang/lib/python3.12/subprocess.py", line 413, in check_call raise CalledProcessError(retcode, cmd) subprocess.CalledProcessError: Command '['pip', 'install', 'sqlitecloud']' returned non-zero exit status 1. During handling of the above exception, another exception occurred: Traceback (most recent call last): File "/var/task/vc__handler__python.py", line 243, in <module> __vc_spec.loader.exec_module(__vc_module) File "<frozen importlib._bootstrap_external>", line 999, in exec_module File "<frozen importlib._bootstrap>", line 488, in _call_with_frames_removed File "/var/task/api/index.py", line 8, in <module> from app import app File "/var/task/app.py", line 1062, in <module> init_db() File "/var/task/database.py", line 334, in init_db conn = get_db() ^^^^^^^^ File "/var/task/database.py", line 49, in get_db conn = sqlite3.connect('mentormind.db', timeout=60.0, check_same_thread=False) ^^^^^^^^^^^^^^^^^^^^^^^^^^^^^^^^^^^^^^^^^^^^^^^^^^^^^^^^^^^^^^^^^^^^^^^ sqlite3.OperationalError: unable to open database file Thread de ping ao SQLite Cloud iniciado Erro ao conectar ao SQLite Cloud: Command '['pip', 'install', 'sqlitecloud']' returned non-zero exit status 1. Tentando conexão local de fallback... Python process exited with exit status: 1. The logs above can help with debugging the issue.
Dec 01 14:40:59.00
GET
500
mentormindapp-3kounbx4j-paulo-davis-projects.vercel.app
/favicon.ico
cp312-manylinux2014_x86_64.manylinux_2_17_x86_64.manylinux_2_28_x86_64.whl.metadata (3.8 kB) Downloading sqlitecloud-0.0.84-py3-none-any.whl (49 kB) Collecting lz4>=3.1.10 (from sqlitecloud) Downloading lz4-4.4.5-cp312-cp312-manylinux2014_x86_64.manylinux_2_17_x86_64.manylinux_2_28_x86_64.whl (1.4 MB) Downloading lz4-4.4.5-cp312-cp312-manylinux2014_x86_64.manylinux_2_17_x86_64.manylinux_2_28_x86_64.whl.metadata (3.8 kB) Downloading sqlitecloud-0.0.84-py3-none-any.whl (49 kB) ━━━━━━━━━━━━━━━━━━━━━━━━━━━━━━━━━━━━━━━━ 1.4/1.4 MB 131.2 MB/s eta 0:00:00 Downloading lz4-4.4.5-cp312-cp312-manylinux2014_x86_64.manylinux_2_17_x86_64.manylinux_2_28_x86_64.whl (1.4 MB) Installing collected packages: lz4, sqlitecloud ━━━━━━━━━━━━━━━━━━━━━━━━━━━━━━━━━━━━━━━━ 1.4/1.4 MB 212.9 MB/s eta 0:00:00 Installing collected packages: lz4, sqlitecloud WARNING: The directory '/home/sbx_user1051/.cache/pip' or its parent directory is not owned or is not writable by the current user. The cache has been disabled. Check the permissions and owner of that directory. If executing pip with sudo, you should use sudo's -H flag. WARNING: The directory '/home/sbx_user1051/.cache/pip' or its parent directory is not owned or is not writable by the current user. The cache has been disabled. Check the permissions and owner of that directory. If executing pip with sudo, you should use sudo's -H flag. ERROR: Could not install packages due to an OSError: [Errno 30] Read-only file system: '/home/sbx_user1051' ERROR: Could not install packages due to an OSError: [Errno 30] Read-only file system: '/home/sbx_user1051' [notice] A new release of pip is available: 25.0.1 -> 25.3 [notice] To update, run: pip install --upgrade pip [notice] A new release of pip is available: 25.0.1 -> 25.3 [notice] To update, run: pip install --upgrade pip Error importing api/index.py: Traceback (most recent call last): File "/var/task/database.py", line 26, in get_db import sqlitecloud ModuleNotFoundError: No module named 'sqlitecloud' During handling of the above exception, another exception occurred: Traceback (most recent call last): File "/var/task/database.py", line 29, in get_db subprocess.check_call(['pip', 'install', 'sqlitecloud']) File "/var/lang/lib/python3.12/subprocess.py", line 413, in check_call raise CalledProcessError(retcode, cmd) subprocess.CalledProcessError: Command '['pip', 'install', 'sqlitecloud']' returned non-zero exit status 1. During handling of the above exception, another exception occurred: Traceback (most recent call last): File "/var/task/vc__handler__python.py", line 243, in <module> __vc_spec.loader.exec_module(__vc_module) File "<frozen importlib._bootstrap_external>", line 999, in exec_module File "<frozen importlib._bootstrap>", line 488, in _call_with_frames_removed File "/var/task/api/index.py", line 8, in <module> from app import app File "/var/task/app.py", line 1062, in <module> init_db() File "/var/task/database.py", line 334, in init_db conn = get_db() ^^^^^^^^ File "/var/task/database.py", line 49, in get_db conn = sqlite3.connect('mentormind.db', timeout=60.0, check_same_thread=False) ^^^^^^^^^^^^^^^^^^^^^^^^^^^^^^^^^^^^^^^^^^^^^^^^^^^^^^^^^^^^^^^^^^^^^^^ sqlite3.OperationalError: unable to open database file Thread de ping ao SQLite Cloud iniciado Erro ao conectar ao SQLite Cloud: Command '['pip', 'install', 'sqlitecloud']' returned non-zero exit status 1. Tentando conexão local de fallback... Python process exited with exit status: 1. The logs above can help with debugging the issue.
Dec 01 14:40:57.99
GET
---
mentormindapp-3kounbx4j-paulo-davis-projects.vercel.app
/
cp312-manylinux2014_x86_64.manylinux_2_17_x86_64.manylinux_2_28_x86_64.whl.metadata (3.8 kB) Downloading sqlitecloud-0.0.84-py3-none-any.whl (49 kB) Downloading lz4-4.4.5-cp312-cp312-manylinux2014_x86_64.manylinux_2_17_x86_64.manylinux_2_28_x86_64.whl (1.4 MB) ━━━━━━━━━━━━━━━━━━━━━━━━━━━━━━━━━━━━━━━━ 1.4/1.4 MB 186.7 MB/s eta 0:00:00 Collecting lz4>=3.1.10 (from sqlitecloud) Downloading lz4-4.4.5-cp312-cp312-manylinux2014_x86_64.manylinux_2_17_x86_64.manylinux_2_28_x86_64.whl.metadata (3.8 kB) Installing collected packages: lz4, sqlitecloud Downloading sqlitecloud-0.0.84-py3-none-any.whl (49 kB) Downloading lz4-4.4.5-cp312-cp312-manylinux2014_x86_64.manylinux_2_17_x86_64.manylinux_2_28_x86_64.whl (1.4 MB) ━━━━━━━━━━━━━━━━━━━━━━━━━━━━━━━━━━━━━━━━ 1.4/1.4 MB 156.1 MB/s eta 0:00:00 Installing collected packages: lz4, sqlitecloud WARNING: The directory '/home/sbx_user1051/.cache/pip' or its parent directory is not owned or is not writable by the current user. The cache has been disabled. Check the permissions and owner of that directory. If executing pip with sudo, you should use sudo's -H flag. WARNING: The directory '/home/sbx_user1051/.cache/pip' or its parent directory is not owned or is not writable by the current user. The cache has been disabled. Check the permissions and owner of that directory. If executing pip with sudo, you should use sudo's -H flag. ERROR: Could not install packages due to an OSError: [Errno 30] Read-only file system: '/home/sbx_user1051' ERROR: Could not install packages due to an OSError: [Errno 30] Read-only file system: '/home/sbx_user1051' [notice] A new release of pip is available: 25.0.1 -> 25.3 [notice] To update, run: pip install --upgrade pip [notice] A new release of pip is available: 25.0.1 -> 25.3 [notice] To update, run: pip install --upgrade pip Error importing api/index.py: Traceback (most recent call last): File "/var/task/database.py", line 26, in get_db import sqlitecloud ModuleNotFoundError: No module named 'sqlitecloud' During handling of the above exception, another exception occurred: Traceback (most recent call last): File "/var/task/database.py", line 29, in get_db subprocess.check_call(['pip', 'install', 'sqlitecloud']) File "/var/lang/lib/python3.12/subprocess.py", line 413, in check_call raise CalledProcessError(retcode, cmd) subprocess.CalledProcessError: Command '['pip', 'install', 'sqlitecloud']' returned non-zero exit status 1. During handling of the above exception, another exception occurred: Traceback (most recent call last): File "/var/task/vc__handler__python.py", line 243, in <module> __vc_spec.loader.exec_module(__vc_module) File "<frozen importlib._bootstrap_external>", line 999, in exec_module File "<frozen importlib._bootstrap>", line 488, in _call_with_frames_removed File "/var/task/api/index.py", line 8, in <module> from app import app File "/var/task/app.py", line 1062, in <module> init_db() File "/var/task/database.py", line 334, in init_db conn = get_db() ^^^^^^^^ File "/var/task/database.py", line 49, in get_db conn = sqlite3.connect('mentormind.db', timeout=60.0, check_same_thread=False) ^^^^^^^^^^^^^^^^^^^^^^^^^^^^^^^^^^^^^^^^^^^^^^^^^^^^^^^^^^^^^^^^^^^^^^^ sqlite3.OperationalError: unable to open database file Thread de ping ao SQLite Cloud iniciado Erro ao conectar ao SQLite Cloud: Command '['pip', 'install', 'sqlitecloud']' returned non-zero exit status 1. Tentando conexão local de fallback... Python process exited with exit status: 1. The logs above can help with debugging the issue.
Dec 01 14:40:55.51
GET
500
mentormindapp-3kounbx4j-paulo-davis-projects.vercel.app
/favicon.ico
cp312-manylinux2014_x86_64.manylinux_2_17_x86_64.manylinux_2_28_x86_64.whl.metadata (3.8 kB) Downloading sqlitecloud-0.0.84-py3-none-any.whl (49 kB) Downloading lz4-4.4.5-cp312-cp312-manylinux2014_x86_64.manylinux_2_17_x86_64.manylinux_2_28_x86_64.whl (1.4 MB) Collecting lz4>=3.1.10 (from sqlitecloud) Downloading lz4-4.4.5-cp312-cp312-manylinux2014_x86_64.manylinux_2_17_x86_64.manylinux_2_28_x86_64.whl.metadata (3.8 kB) ━━━━━━━━━━━━━━━━━━━━━━━━━━━━━━━━━━━━━━━━ 1.4/1.4 MB 187.9 MB/s eta 0:00:00 Downloading sqlitecloud-0.0.84-py3-none-any.whl (49 kB) Downloading lz4-4.4.5-cp312-cp312-manylinux2014_x86_64.manylinux_2_17_x86_64.manylinux_2_28_x86_64.whl (1.4 MB) Installing collected packages: lz4, sqlitecloud ━━━━━━━━━━━━━━━━━━━━━━━━━━━━━━━━━━━━━━━━ 1.4/1.4 MB 138.1 MB/s eta 0:00:00 Installing collected packages: lz4, sqlitecloud WARNING: The directory '/home/sbx_user1051/.cache/pip' or its parent directory is not owned or is not writable by the current user. The cache has been disabled. Check the permissions and owner of that directory. If executing pip with sudo, you should use sudo's -H flag. WARNING: The directory '/home/sbx_user1051/.cache/pip' or its parent directory is not owned or is not writable by the current user. The cache has been disabled. Check the permissions and owner of that directory. If executing pip with sudo, you should use sudo's -H flag. ERROR: Could not install packages due to an OSError: [Errno 30] Read-only file system: '/home/sbx_user1051' ERROR: Could not install packages due to an OSError: [Errno 30] Read-only file system: '/home/sbx_user1051' [notice] A new release of pip is available: 25.0.1 -> 25.3 [notice] To update, run: pip install --upgrade pip [notice] A new release of pip is available: 25.0.1 -> 25.3 [notice] To update, run: pip install --upgrade pip Error importing api/index.py: Traceback (most recent call last): File "/var/task/database.py", line 26, in get_db import sqlitecloud ModuleNotFoundError: No module named 'sqlitecloud' During handling of the above exception, another exception occurred: Traceback (most recent call last): File "/var/task/database.py", line 29, in get_db subprocess.check_call(['pip', 'install', 'sqlitecloud']) File "/var/lang/lib/python3.12/subprocess.py", line 413, in check_call raise CalledProcessError(retcode, cmd) subprocess.CalledProcessError: Command '['pip', 'install', 'sqlitecloud']' returned non-zero exit status 1. During handling of the above exception, another exception occurred: Traceback (most recent call last): File "/var/task/vc__handler__python.py", line 243, in <module> __vc_spec.loader.exec_module(__vc_module) File "<frozen importlib._bootstrap_external>", line 999, in exec_module File "<frozen importlib._bootstrap>", line 488, in _call_with_frames_removed File "/var/task/api/index.py", line 8, in <module> from app import app File "/var/task/app.py", line 1062, in <module> init_db() File "/var/task/database.py", line 334, in init_db conn = get_db() ^^^^^^^^ File "/var/task/database.py", line 49, in get_db conn = sqlite3.connect('mentormind.db', timeout=60.0, check_same_thread=False) ^^^^^^^^^^^^^^^^^^^^^^^^^^^^^^^^^^^^^^^^^^^^^^^^^^^^^^^^^^^^^^^^^^^^^^^ sqlite3.OperationalError: unable to open database file Thread de ping ao SQLite Cloud iniciado Erro ao conectar ao SQLite Cloud: Command '['pip', 'install', 'sqlitecloud']' returned non-zero exit status 1. Tentando conexão local de fallback... Python process exited with exit status: 1. The logs above can help with debugging the issue.
Dec 01 14:40:53.05
GET
---
mentormindapp-3kounbx4j-paulo-davis-projects.vercel.app
/
cp312-manylinux2014_x86_64.manylinux_2_17_x86_64.manylinux_2_28_x86_64.whl.metadata (3.8 kB) Downloading sqlitecloud-0.0.84-py3-none-any.whl (49 kB) Downloading lz4-4.4.5-cp312-cp312-manylinux2014_x86_64.manylinux_2_17_x86_64.manylinux_2_28_x86_64.whl (1.4 MB) ━━━━━━━━━━━━━━━━━━━━━━━━━━━━━━━━━━━━━━━━ 1.4/1.4 MB 143.0 MB/s eta 0:00:00 Installing collected packages: lz4, sqlitecloud Collecting lz4>=3.1.10 (from sqlitecloud) Downloading lz4-4.4.5-cp312-cp312-manylinux2014_x86_64.manylinux_2_17_x86_64.manylinux_2_28_x86_64.whl.metadata (3.8 kB) Downloading sqlitecloud-0.0.84-py3-none-any.whl (49 kB) Downloading lz4-4.4.5-cp312-cp312-manylinux2014_x86_64.manylinux_2_17_x86_64.manylinux_2_28_x86_64.whl (1.4 MB) ━━━━━━━━━━━━━━━━━━━━━━━━━━━━━━━━━━━━━━━━ 1.4/1.4 MB 232.3 MB/s eta 0:00:00 Installing collected packages: lz4, sqlitecloud WARNING: The directory '/home/sbx_user1051/.cache/pip' or its parent directory is not owned or is not writable by the current user. The cache has been disabled. Check the permissions and owner of that directory. If executing pip with sudo, you should use sudo's -H flag. WARNING: The directory '/home/sbx_user1051/.cache/pip' or its parent directory is not owned or is not writable by the current user. The cache has been disabled. Check the permissions and owner of that directory. If executing pip with sudo, you should use sudo's -H flag. ERROR: Could not install packages due to an OSError: [Errno 30] Read-only file system: '/home/sbx_user1051' [notice] A new release of pip is available: 25.0.1 -> 25.3 [notice] To update, run: pip install --upgrade pip ERROR: Could not install packages due to an OSError: [Errno 30] Read-only file system: '/home/sbx_user1051' Error importing api/index.py: Traceback (most recent call last): File "/var/task/database.py", line 26, in get_db import sqlitecloud ModuleNotFoundError: No module named 'sqlitecloud' During handling of the above exception, another exception occurred: Traceback (most recent call last): File "/var/task/database.py", line 29, in get_db subprocess.check_call(['pip', 'install', 'sqlitecloud']) File "/var/lang/lib/python3.12/subprocess.py", line 413, in check_call raise CalledProcessError(retcode, cmd) subprocess.CalledProcessError: Command '['pip', 'install', 'sqlitecloud']' returned non-zero exit status 1. During handling of the above exception, another exception occurred: Traceback (most recent call last): File "/var/task/vc__handler__python.py", line 243, in <module> __vc_spec.loader.exec_module(__vc_module) File "<frozen importlib._bootstrap_external>", line 999, in exec_module File "<frozen importlib._bootstrap>", line 488, in _call_with_frames_removed File "/var/task/api/index.py", line 8, in <module> from app import app File "/var/task/app.py", line 1062, in <module> init_db() File "/var/task/database.py", line 334, in init_db conn = get_db() ^^^^^^^^ File "/var/task/database.py", line 49, in get_db conn = sqlite3.connect('mentormind.db', timeout=60.0, check_same_thread=False) ^^^^^^^^^^^^^^^^^^^^^^^^^^^^^^^^^^^^^^^^^^^^^^^^^^^^^^^^^^^^^^^^^^^^^^^ sqlite3.OperationalError: unable to open database file Thread de ping ao SQLite Cloud iniciado Erro ao conectar ao SQLite Cloud: Command '['pip', 'install', 'sqlitecloud']' returned non-zero exit status 1. Tentando conexão local de fallback... [notice] A new release of pip is available: 25.0.1 -> 25.3 [notice] To update, run: pip install --upgrade pip Python process exited with exit status: 1. The logs above can help with debugging the issue.
Dec 01 14:40:49.65
GET
500
mentormindapp-3kounbx4j-paulo-davis-projects.vercel.app
/
28_x86_64.whl (1.4 MB) ━━━━━━━━━━━━━━━━━━━━━━━━━━━━━━━━━━━━━━━━ 1.4/1.4 MB 276.3 MB/s eta 0:00:00 Collecting lz4>=3.1.10 (from sqlitecloud) Downloading lz4-4.4.5-cp312-cp312-manylinux2014_x86_64.manylinux_2_17_x86_64.manylinux_2_28_x86_64.whl.metadata (3.8 kB) Installing collected packages: lz4, sqlitecloud Downloading sqlitecloud-0.0.84-py3-none-any.whl (49 kB) Downloading lz4-4.4.5-cp312-cp312-manylinux2014_x86_64.manylinux_2_17_x86_64.manylinux_2_28_x86_64.whl (1.4 MB) ━━━━━━━━━━━━━━━━━━━━━━━━━━━━━━━━━━━━━━━━ 1.4/1.4 MB 140.1 MB/s eta 0:00:00 Installing collected packages: lz4, sqlitecloud WARNING: The directory '/home/sbx_user1051/.cache/pip' or its parent directory is not owned or is not writable by the current user. The cache has been disabled. Check the permissions and owner of that directory. If executing pip with sudo, you should use sudo's -H flag. WARNING: The directory '/home/sbx_user1051/.cache/pip' or its parent directory is not owned or is not writable by the current user. The cache has been disabled. Check the permissions and owner of that directory. If executing pip with sudo, you should use sudo's -H flag. ERROR: Could not install packages due to an OSError: [Errno 30] Read-only file system: '/home/sbx_user1051' ERROR: Could not install packages due to an OSError: [Errno 30] Read-only file system: '/home/sbx_user1051' [notice] A new release of pip is available: 25.0.1 -> 25.3 [notice] To update, run: pip install --upgrade pip [notice] A new release of pip is available: 25.0.1 -> 25.3 [notice] To update, run: pip install --upgrade pip Error importing api/index.py: Traceback (most recent call last): File "/var/task/database.py", line 26, in get_db import sqlitecloud ModuleNotFoundError: No module named 'sqlitecloud' During handling of the above exception, another exception occurred: Traceback (most recent call last): File "/var/task/database.py", line 29, in get_db subprocess.check_call(['pip', 'install', 'sqlitecloud']) File "/var/lang/lib/python3.12/subprocess.py", line 413, in check_call raise CalledProcessError(retcode, cmd) subprocess.CalledProcessError: Command '['pip', 'install', 'sqlitecloud']' returned non-zero exit status 1. During handling of the above exception, another exception occurred: Traceback (most recent call last): File "/var/task/vc__handler__python.py", line 243, in <module> __vc_spec.loader.exec_module(__vc_module) File "<frozen importlib._bootstrap_external>", line 999, in exec_module File "<frozen importlib._bootstrap>", line 488, in _call_with_frames_removed File "/var/task/api/index.py", line 8, in <module> from app import app File "/var/task/app.py", line 1062, in <module> init_db() File "/var/task/database.py", line 334, in init_db conn = get_db() ^^^^^^^^ File "/var/task/database.py", line 49, in get_db conn = sqlite3.connect('mentormind.db', timeout=60.0, check_same_thread=False) ^^^^^^^^^^^^^^^^^^^^^^^^^^^^^^^^^^^^^^^^^^^^^^^^^^^^^^^^^^^^^^^^^^^^^^^ sqlite3.OperationalError: unable to open database file Thread de ping ao SQLite Cloud iniciado Erro ao conectar ao SQLite Cloud: Command '['pip', 'install', 'sqlitecloud']' returned non-zero exit status 1. Tentando conexão local de fallback... [2025-12-01 17:40:51.820803] Erro no ping ao SQLite Cloud: unable to open database file Erro ao conectar ao SQLite Cloud: Command '['pip', 'install', 'sqlitecloud']' returned non-zero exit status 1. Tentando conexão local de fallback... Python process exited with exit status: 1. The logs above can help with debugging the issue.
Dec 01 14:40:40.34
GET
500
mentormindapp-3kounbx4j-paulo-davis-projects.vercel.app
/favicon.ico
cp312-manylinux2014_x86_64.manylinux_2_17_x86_64.manylinux_2_28_x86_64.whl.metadata (3.8 kB) Downloading sqlitecloud-0.0.84-py3-none-any.whl (49 kB) Downloading lz4-4.4.5-cp312-cp312-manylinux2014_x86_64.manylinux_2_17_x86_64.manylinux_2_28_x86_64.whl (1.4 MB) ━━━━━━━━━━━━━━━━━━━━━━━━━━━━━━━━━━━━━━━━ 1.4/1.4 MB 210.4 MB/s eta 0:00:00 Collecting lz4>=3.1.10 (from sqlitecloud) Downloading lz4-4.4.5-cp312-cp312-manylinux2014_x86_64.manylinux_2_17_x86_64.manylinux_2_28_x86_64.whl.metadata (3.8 kB) Downloading sqlitecloud-0.0.84-py3-none-any.whl (49 kB) Installing collected packages: lz4, sqlitecloud Downloading lz4-4.4.5-cp312-cp312-manylinux2014_x86_64.manylinux_2_17_x86_64.manylinux_2_28_x86_64.whl (1.4 MB) ━━━━━━━━━━━━━━━━━━━━━━━━━━━━━━━━━━━━━━━━ 1.4/1.4 MB 108.1 MB/s eta 0:00:00 Installing collected packages: lz4, sqlitecloud WARNING: The directory '/home/sbx_user1051/.cache/pip' or its parent directory is not owned or is not writable by the current user. The cache has been disabled. Check the permissions and owner of that directory. If executing pip with sudo, you should use sudo's -H flag. WARNING: The directory '/home/sbx_user1051/.cache/pip' or its parent directory is not owned or is not writable by the current user. The cache has been disabled. Check the permissions and owner of that directory. If executing pip with sudo, you should use sudo's -H flag. ERROR: Could not install packages due to an OSError: [Errno 30] Read-only file system: '/home/sbx_user1051' ERROR: Could not install packages due to an OSError: [Errno 30] Read-only file system: '/home/sbx_user1051' [notice] A new release of pip is available: 25.0.1 -> 25.3 [notice] To update, run: pip install --upgrade pip [notice] A new release of pip is available: 25.0.1 -> 25.3 [notice] To update, run: pip install --upgrade pip Error importing api/index.py: Traceback (most recent call last): File "/var/task/database.py", line 26, in get_db import sqlitecloud ModuleNotFoundError: No module named 'sqlitecloud' During handling of the above exception, another exception occurred: Traceback (most recent call last): File "/var/task/database.py", line 29, in get_db subprocess.check_call(['pip', 'install', 'sqlitecloud']) File "/var/lang/lib/python3.12/subprocess.py", line 413, in check_call raise CalledProcessError(retcode, cmd) subprocess.CalledProcessError: Command '['pip', 'install', 'sqlitecloud']' returned non-zero exit status 1. During handling of the above exception, another exception occurred: Traceback (most recent call last): File "/var/task/vc__handler__python.py", line 243, in <module> __vc_spec.loader.exec_module(__vc_module) File "<frozen importlib._bootstrap_external>", line 999, in exec_module File "<frozen importlib._bootstrap>", line 488, in _call_with_frames_removed File "/var/task/api/index.py", line 8, in <module> from app import app File "/var/task/app.py", line 1062, in <module> init_db() File "/var/task/database.py", line 334, in init_db conn = get_db() ^^^^^^^^ File "/var/task/database.py", line 49, in get_db conn = sqlite3.connect('mentormind.db', timeout=60.0, check_same_thread=False) ^^^^^^^^^^^^^^^^^^^^^^^^^^^^^^^^^^^^^^^^^^^^^^^^^^^^^^^^^^^^^^^^^^^^^^^ sqlite3.OperationalError: unable to open database file Thread de ping ao SQLite Cloud iniciado Erro ao conectar ao SQLite Cloud: Command '['pip', 'install', 'sqlitecloud']' returned non-zero exit status 1. Tentando conexão local de fallback... Python process exited with exit status: 1. The logs above can help with debugging the issue.
Dec 01 14:40:40.23
GET
---
mentormindapp-3kounbx4j-paulo-davis-projects.vercel.app
/favicon.ico
14_x86_64.manylinux_2_17_x86_64.manylinux_2_28_x86_64.whl (1.4 MB) Downloading lz4-4.4.5-cp312-cp312-manylinux2014_x86_64.manylinux_2_17_x86_64.manylinux_2_28_x86_64.whl.metadata (3.8 kB) ━━━━━━━━━━━━━━━━━━━━━━━━━━━━━━━━━━━━━━━━ 1.4/1.4 MB 231.6 MB/s eta 0:00:00Downloading sqlitecloud-0.0.84-py3-none-any.whl (49 kB) Downloading lz4-4.4.5-cp312-cp312-manylinux2014_x86_64.manylinux_2_17_x86_64.manylinux_2_28_x86_64.whl (1.4 MB) Installing collected packages: lz4, sqlitecloud ━━━━━━━━━━━━━━━━━━━━━━━━━━━━━━━━━━━━━━━━ 1.4/1.4 MB 89.7 MB/s eta 0:00:00 Installing collected packages: lz4, sqlitecloud WARNING: The directory '/home/sbx_user1051/.cache/pip' or its parent directory is not owned or is not writable by the current user. The cache has been disabled. Check the permissions and owner of that directory. If executing pip with sudo, you should use sudo's -H flag. WARNING: The directory '/home/sbx_user1051/.cache/pip' or its parent directory is not owned or is not writable by the current user. The cache has been disabled. Check the permissions and owner of that directory. If executing pip with sudo, you should use sudo's -H flag. ERROR: Could not install packages due to an OSError: [Errno 30] Read-only file system: '/home/sbx_user1051' ERROR: Could not install packages due to an OSError: [Errno 30] Read-only file system: '/home/sbx_user1051' [notice] A new release of pip is available: 25.0.1 -> 25.3 [notice] To update, run: pip install --upgrade pip [notice] A new release of pip is available: 25.0.1 -> 25.3 [notice] To update, run: pip install --upgrade pip Error importing api/index.py: Traceback (most recent call last): File "/var/task/database.py", line 26, in get_db import sqlitecloud ModuleNotFoundError: No module named 'sqlitecloud' During handling of the above exception, another exception occurred: Traceback (most recent call last): File "/var/task/database.py", line 29, in get_db subprocess.check_call(['pip', 'install', 'sqlitecloud']) File "/var/lang/lib/python3.12/subprocess.py", line 413, in check_call raise CalledProcessError(retcode, cmd) subprocess.CalledProcessError: Command '['pip', 'install', 'sqlitecloud']' returned non-zero exit status 1. During handling of the above exception, another exception occurred: Traceback (most recent call last): File "/var/task/vc__handler__python.py", line 243, in <module> __vc_spec.loader.exec_module(__vc_module) File "<frozen importlib._bootstrap_external>", line 999, in exec_module File "<frozen importlib._bootstrap>", line 488, in _call_with_frames_removed File "/var/task/api/index.py", line 8, in <module> from app import app File "/var/task/app.py", line 1062, in <module> init_db() File "/var/task/database.py", line 334, in init_db conn = get_db() ^^^^^^^^ File "/var/task/database.py", line 49, in get_db conn = sqlite3.connect('mentormind.db', timeout=60.0, check_same_thread=False) ^^^^^^^^^^^^^^^^^^^^^^^^^^^^^^^^^^^^^^^^^^^^^^^^^^^^^^^^^^^^^^^^^^^^^^^ sqlite3.OperationalError: unable to open database file Thread de ping ao SQLite Cloud iniciado Erro ao conectar ao SQLite Cloud: Command '['pip', 'install', 'sqlitecloud']' returned non-zero exit status 1. Tentando conexão local de fallback... [2025-12-01 17:40:42.370618] Erro no ping ao SQLite Cloud: unable to open database file Erro ao conectar ao SQLite Cloud: Command '['pip', 'install', 'sqlitecloud']' returned non-zero exit status 1. Tentando conexão local de fallback... Python process exited with exit status: 1. The logs above can help with debugging the issue.
Dec 01 14:40:34.94
GET
---
mentormindapp-3kounbx4j-paulo-davis-projects.vercel.app
/
_x86_64.manylinux_2_17_x86_64.manylinux_2_28_x86_64.whl.metadata (3.8 kB) Downloading lz4-4.4.5-cp312-cp312-manylinux2014_x86_64.manylinux_2_17_x86_64.manylinux_2_28_x86_64.whl (1.4 MB) Downloading sqlitecloud-0.0.84-py3-none-any.whl (49 kB) Downloading lz4-4.4.5-cp312-cp312-manylinux2014_x86_64.manylinux_2_17_x86_64.manylinux_2_28_x86_64.whl (1.4 MB) ━━━━━━━━━━━━━━━━━━━━━━━━━━━━━━━━━━━━━━━━ 1.4/1.4 MB 121.7 MB/s eta 0:00:00 ━━━━━━━━━━━━━━━━━━━━━━━━━━━━━━━━━━━━━━━━ 1.4/1.4 MB 161.7 MB/s eta 0:00:00 Installing collected packages: lz4, sqlitecloud Installing collected packages: lz4, sqlitecloud WARNING: The directory '/home/sbx_user1051/.cache/pip' or its parent directory is not owned or is not writable by the current user. The cache has been disabled. Check the permissions and owner of that directory. If executing pip with sudo, you should use sudo's -H flag. WARNING: The directory '/home/sbx_user1051/.cache/pip' or its parent directory is not owned or is not writable by the current user. The cache has been disabled. Check the permissions and owner of that directory. If executing pip with sudo, you should use sudo's -H flag. ERROR: Could not install packages due to an OSError: [Errno 30] Read-only file system: '/home/sbx_user1051' ERROR: Could not install packages due to an OSError: [Errno 30] Read-only file system: '/home/sbx_user1051' [notice] A new release of pip is available: 25.0.1 -> 25.3 [notice] To update, run: pip install --upgrade pip [notice] A new release of pip is available: 25.0.1 -> 25.3 [notice] To update, run: pip install --upgrade pip Error importing api/index.py: Traceback (most recent call last): File "/var/task/database.py", line 26, in get_db import sqlitecloud ModuleNotFoundError: No module named 'sqlitecloud' During handling of the above exception, another exception occurred: Traceback (most recent call last): File "/var/task/database.py", line 29, in get_db subprocess.check_call(['pip', 'install', 'sqlitecloud']) File "/var/lang/lib/python3.12/subprocess.py", line 413, in check_call raise CalledProcessError(retcode, cmd) subprocess.CalledProcessError: Command '['pip', 'install', 'sqlitecloud']' returned non-zero exit status 1. During handling of the above exception, another exception occurred: Traceback (most recent call last): File "/var/task/vc__handler__python.py", line 243, in <module> __vc_spec.loader.exec_module(__vc_module) File "<frozen importlib._bootstrap_external>", line 999, in exec_module File "<frozen importlib._bootstrap>", line 488, in _call_with_frames_removed File "/var/task/api/index.py", line 8, in <module> from app import app File "/var/task/app.py", line 1062, in <module> init_db() File "/var/task/database.py", line 334, in init_db conn = get_db() ^^^^^^^^ File "/var/task/database.py", line 49, in get_db conn = sqlite3.connect('mentormind.db', timeout=60.0, check_same_thread=False) ^^^^^^^^^^^^^^^^^^^^^^^^^^^^^^^^^^^^^^^^^^^^^^^^^^^^^^^^^^^^^^^^^^^^^^^ sqlite3.OperationalError: unable to open database file Thread de ping ao SQLite Cloud iniciado Erro ao conectar ao SQLite Cloud: Command '['pip', 'install', 'sqlitecloud']' returned non-zero exit status 1. Tentando conexão local de fallback... [2025-12-01 17:40:39.971482] Erro no ping ao SQLite Cloud: unable to open database file Erro ao conectar ao SQLite Cloud: Command '['pip', 'install', 'sqlitecloud']' returned non-zero exit status 1. Tentando conexão local de fallback... Python process exited with exit status: 1. The logs above can help with debugging the issue.
Dec 01 14:40:34.92
GET
---
mentormindapp-3kounbx4j-paulo-davis-projects.vercel.app
/
sqlitecloud) Downloading lz4-4.4.5-cp312-cp312-manylinux2014_x86_64.manylinux_2_17_x86_64.manylinux_2_28_x86_64.whl.metadata (3.8 kB) Downloading lz4-4.4.5-cp312-cp312-manylinux2014_x86_64.manylinux_2_17_x86_64.manylinux_2_28_x86_64.whl.metadata (3.8 kB) Downloading sqlitecloud-0.0.84-py3-none-any.whl (49 kB) Downloading sqlitecloud-0.0.84-py3-none-any.whl (49 kB) Downloading lz4-4.4.5-cp312-cp312-manylinux2014_x86_64.manylinux_2_17_x86_64.manylinux_2_28_x86_64.whl (1.4 MB) Downloading lz4-4.4.5-cp312-cp312-manylinux2014_x86_64.manylinux_2_17_x86_64.manylinux_2_28_x86_64.whl (1.4 MB) ━━━━━━━━━━━━━━━━━━━━━━━━━━━━━━━━━━━━━━━━ 1.4/1.4 MB 164.3 MB/s eta 0:00:00 ━━━━━━━━━━━━━━━━━━━━━━━━━━━━━━━━━━━━━━━━ 1.4/1.4 MB 244.2 MB/s eta 0:00:00 Installing collected packages: lz4, sqlitecloud Installing collected packages: lz4, sqlitecloud WARNING: The directory '/home/sbx_user1051/.cache/pip' or its parent directory is not owned or is not writable by the current user. The cache has been disabled. Check the permissions and owner of that directory. If executing pip with sudo, you should use sudo's -H flag. WARNING: The directory '/home/sbx_user1051/.cache/pip' or its parent directory is not owned or is not writable by the current user. The cache has been disabled. Check the permissions and owner of that directory. If executing pip with sudo, you should use sudo's -H flag. ERROR: Could not install packages due to an OSError: [Errno 30] Read-only file system: '/home/sbx_user1051' ERROR: Could not install packages due to an OSError: [Errno 30] Read-only file system: '/home/sbx_user1051' [notice] A new release of pip is available: 25.0.1 -> 25.3 [notice] To update, run: pip install --upgrade pip [notice] A new release of pip is available: 25.0.1 -> 25.3 [notice] To update, run: pip install --upgrade pip Error importing api/index.py: Traceback (most recent call last): File "/var/task/database.py", line 26, in get_db import sqlitecloud ModuleNotFoundError: No module named 'sqlitecloud' During handling of the above exception, another exception occurred: Traceback (most recent call last): File "/var/task/database.py", line 29, in get_db subprocess.check_call(['pip', 'install', 'sqlitecloud']) File "/var/lang/lib/python3.12/subprocess.py", line 413, in check_call raise CalledProcessError(retcode, cmd) subprocess.CalledProcessError: Command '['pip', 'install', 'sqlitecloud']' returned non-zero exit status 1. During handling of the above exception, another exception occurred: Traceback (most recent call last): File "/var/task/vc__handler__python.py", line 243, in <module> __vc_spec.loader.exec_module(__vc_module) File "<frozen importlib._bootstrap_external>", line 999, in exec_module File "<frozen importlib._bootstrap>", line 488, in _call_with_frames_removed File "/var/task/api/index.py", line 8, in <module> from app import app File "/var/task/app.py", line 1062, in <module> init_db() File "/var/task/database.py", line 334, in init_db conn = get_db() ^^^^^^^^ File "/var/task/database.py", line 49, in get_db conn = sqlite3.connect('mentormind.db', timeout=60.0, check_same_thread=False) ^^^^^^^^^^^^^^^^^^^^^^^^^^^^^^^^^^^^^^^^^^^^^^^^^^^^^^^^^^^^^^^^^^^^^^^ sqlite3.OperationalError: unable to open database file Thread de ping ao SQLite Cloud iniciado Erro ao conectar ao SQLite Cloud: Command '['pip', 'install', 'sqlitecloud']' returned non-zero exit status 1. Tentando conexão local de fallback... Python process exited with exit status: 1. The logs above can help with debugging the issue.
Dec 01 14:40:32.12
GET
500
mentormindapp-3kounbx4j-paulo-davis-projects.vercel.app
/
-cp312-manylinux2014_x86_64.manylinux_2_17_x86_64.manylinux_2_28_x86_64.whl.metadata (3.8 kB) Downloading sqlitecloud-0.0.84-py3-none-any.whl (49 kB) Collecting lz4>=3.1.10 (from sqlitecloud) Downloading lz4-4.4.5-cp312-cp312-manylinux2014_x86_64.manylinux_2_17_x86_64.manylinux_2_28_x86_64.whl.metadata (3.8 kB) Downloading lz4-4.4.5-cp312-cp312-manylinux2014_x86_64.manylinux_2_17_x86_64.manylinux_2_28_x86_64.whl (1.4 MB) Downloading sqlitecloud-0.0.84-py3-none-any.whl (49 kB) Downloading lz4-4.4.5-cp312-cp312-manylinux2014_x86_64.manylinux_2_17_x86_64.manylinux_2_28_x86_64.whl (1.4 MB) ━━━━━━━━━━━━━━━━━━━━━━━━━━━━━━━━━━━━━━━━ 1.4/1.4 MB 102.6 MB/s eta 0:00:00 Installing collected packages: lz4, sqlitecloud ━━━━━━━━━━━━━━━━━━━━━━━━━━━━━━━━━━━━━━━━ 1.4/1.4 MB 68.9 MB/s eta 0:00:00 Installing collected packages: lz4, sqlitecloud WARNING: The directory '/home/sbx_user1051/.cache/pip' or its parent directory is not owned or is not writable by the current user. The cache has been disabled. Check the permissions and owner of that directory. If executing pip with sudo, you should use sudo's -H flag. WARNING: The directory '/home/sbx_user1051/.cache/pip' or its parent directory is not owned or is not writable by the current user. The cache has been disabled. Check the permissions and owner of that directory. If executing pip with sudo, you should use sudo's -H flag. ERROR: Could not install packages due to an OSError: [Errno 30] Read-only file system: '/home/sbx_user1051' ERROR: Could not install packages due to an OSError: [Errno 30] Read-only file system: '/home/sbx_user1051' [notice] A new release of pip is available: 25.0.1 -> 25.3 [notice] To update, run: pip install --upgrade pip Error importing api/index.py: Traceback (most recent call last): File "/var/task/database.py", line 26, in get_db import sqlitecloud ModuleNotFoundError: No module named 'sqlitecloud' During handling of the above exception, another exception occurred: Traceback (most recent call last): File "/var/task/database.py", line 29, in get_db subprocess.check_call(['pip', 'install', 'sqlitecloud']) File "/var/lang/lib/python3.12/subprocess.py", line 413, in check_call raise CalledProcessError(retcode, cmd) subprocess.CalledProcessError: Command '['pip', 'install', 'sqlitecloud']' returned non-zero exit status 1. During handling of the above exception, another exception occurred: Traceback (most recent call last): File "/var/task/vc__handler__python.py", line 243, in <module> __vc_spec.loader.exec_module(__vc_module) File "<frozen importlib._bootstrap_external>", line 999, in exec_module File "<frozen importlib._bootstrap>", line 488, in _call_with_frames_removed File "/var/task/api/index.py", line 8, in <module> from app import app File "/var/task/app.py", line 1062, in <module> init_db() File "/var/task/database.py", line 334, in init_db conn = get_db() ^^^^^^^^ File "/var/task/database.py", line 49, in get_db conn = sqlite3.connect('mentormind.db', timeout=60.0, check_same_thread=False) ^^^^^^^^^^^^^^^^^^^^^^^^^^^^^^^^^^^^^^^^^^^^^^^^^^^^^^^^^^^^^^^^^^^^^^^ sqlite3.OperationalError: unable to open database file Thread de ping ao SQLite Cloud iniciado Erro ao conectar ao SQLite Cloud: Command '['pip', 'install', 'sqlitecloud']' returned non-zero exit status 1. Tentando conexão local de fallback... [notice] A new release of pip is available: 25.0.1 -> 25.3 [notice] To update, run: pip install --upgrade pip Python process exited with exit status: 1. The logs above can help with debugging the issue.
Dec 01 14:40:31.42
GET
500
mentormindapp-3kounbx4j-paulo-davis-projects.vercel.app
/
sqlitecloud) Downloading lz4-4.4.5-cp312-cp312-manylinux2014_x86_64.manylinux_2_17_x86_64.manylinux_2_28_x86_64.whl.metadata (3.8 kB) Downloading lz4-4.4.5-cp312-cp312-manylinux2014_x86_64.manylinux_2_17_x86_64.manylinux_2_28_x86_64.whl.metadata (3.8 kB) Downloading sqlitecloud-0.0.84-py3-none-any.whl (49 kB) Downloading sqlitecloud-0.0.84-py3-none-any.whl (49 kB) Downloading lz4-4.4.5-cp312-cp312-manylinux2014_x86_64.manylinux_2_17_x86_64.manylinux_2_28_x86_64.whl (1.4 MB) Downloading lz4-4.4.5-cp312-cp312-manylinux2014_x86_64.manylinux_2_17_x86_64.manylinux_2_28_x86_64.whl (1.4 MB) ━━━━━━━━━━━━━━━━━━━━━━━━━━━━━━━━━━━━━━━━ 1.4/1.4 MB 197.9 MB/s eta 0:00:00 ━━━━━━━━━━━━━━━━━━━━━━━━━━━━━━━━━━━━━━━━ 1.4/1.4 MB 186.8 MB/s eta 0:00:00 Installing collected packages: lz4, sqlitecloud Installing collected packages: lz4, sqlitecloud WARNING: The directory '/home/sbx_user1051/.cache/pip' or its parent directory is not owned or is not writable by the current user. The cache has been disabled. Check the permissions and owner of that directory. If executing pip with sudo, you should use sudo's -H flag. WARNING: The directory '/home/sbx_user1051/.cache/pip' or its parent directory is not owned or is not writable by the current user. The cache has been disabled. Check the permissions and owner of that directory. If executing pip with sudo, you should use sudo's -H flag. ERROR: Could not install packages due to an OSError: [Errno 30] Read-only file system: '/home/sbx_user1051' ERROR: Could not install packages due to an OSError: [Errno 30] Read-only file system: '/home/sbx_user1051' [notice] A new release of pip is available: 25.0.1 -> 25.3 [notice] To update, run: pip install --upgrade pip [notice] A new release of pip is available: 25.0.1 -> 25.3 [notice] To update, run: pip install --upgrade pip Error importing api/index.py: Traceback (most recent call last): File "/var/task/database.py", line 26, in get_db import sqlitecloud ModuleNotFoundError: No module named 'sqlitecloud' During handling of the above exception, another exception occurred: Traceback (most recent call last): File "/var/task/database.py", line 29, in get_db subprocess.check_call(['pip', 'install', 'sqlitecloud']) File "/var/lang/lib/python3.12/subprocess.py", line 413, in check_call raise CalledProcessError(retcode, cmd) subprocess.CalledProcessError: Command '['pip', 'install', 'sqlitecloud']' returned non-zero exit status 1. During handling of the above exception, another exception occurred: Traceback (most recent call last): File "/var/task/vc__handler__python.py", line 243, in <module> __vc_spec.loader.exec_module(__vc_module) File "<frozen importlib._bootstrap_external>", line 999, in exec_module File "<frozen importlib._bootstrap>", line 488, in _call_with_frames_removed File "/var/task/api/index.py", line 8, in <module> from app import app File "/var/task/app.py", line 1062, in <module> init_db() File "/var/task/database.py", line 334, in init_db conn = get_db() ^^^^^^^^ File "/var/task/database.py", line 49, in get_db conn = sqlite3.connect('mentormind.db', timeout=60.0, check_same_thread=False) ^^^^^^^^^^^^^^^^^^^^^^^^^^^^^^^^^^^^^^^^^^^^^^^^^^^^^^^^^^^^^^^^^^^^^^^ sqlite3.OperationalError: unable to open database file Thread de ping ao SQLite Cloud iniciado Erro ao conectar ao SQLite Cloud: Command '['pip', 'install', 'sqlitecloud']' returned non-zero exit status 1. Tentando conexão local de fallback... Python process exited with exit status: 1. The logs above can help with debugging the issue.
Dec 01 14:40:30.87
GET
500
mentormindapp-3kounbx4j-paulo-davis-projects.vercel.app
/
4_x86_64.manylinux_2_17_x86_64.manylinux_2_28_x86_64.whl.metadata (3.8 kB) Downloading lz4-4.4.5-cp312-cp312-manylinux2014_x86_64.manylinux_2_17_x86_64.manylinux_2_28_x86_64.whl (1.4 MB) Downloading sqlitecloud-0.0.84-py3-none-any.whl (49 kB) Downloading lz4-4.4.5-cp312-cp312-manylinux2014_x86_64.manylinux_2_17_x86_64.manylinux_2_28_x86_64.whl (1.4 MB) ━━━━━━━━━━━━━━━━━━━━━━━━━━━━━━━━━━━━━━━━ 1.4/1.4 MB 121.2 MB/s eta 0:00:00 Installing collected packages: lz4, sqlitecloud ━━━━━━━━━━━━━━━━━━━━━━━━━━━━━━━━━━━━━━━━ 1.4/1.4 MB 39.5 MB/s eta 0:00:00 Installing collected packages: lz4, sqlitecloud WARNING: The directory '/home/sbx_user1051/.cache/pip' or its parent directory is not owned or is not writable by the current user. The cache has been disabled. Check the permissions and owner of that directory. If executing pip with sudo, you should use sudo's -H flag. WARNING: The directory '/home/sbx_user1051/.cache/pip' or its parent directory is not owned or is not writable by the current user. The cache has been disabled. Check the permissions and owner of that directory. If executing pip with sudo, you should use sudo's -H flag. ERROR: Could not install packages due to an OSError: [Errno 30] Read-only file system: '/home/sbx_user1051' ERROR: Could not install packages due to an OSError: [Errno 30] Read-only file system: '/home/sbx_user1051' [notice] A new release of pip is available: 25.0.1 -> 25.3 [notice] To update, run: pip install --upgrade pip [notice] A new release of pip is available: 25.0.1 -> 25.3 [notice] To update, run: pip install --upgrade pip Error importing api/index.py: Traceback (most recent call last): File "/var/task/database.py", line 26, in get_db import sqlitecloud ModuleNotFoundError: No module named 'sqlitecloud' During handling of the above exception, another exception occurred: Traceback (most recent call last): File "/var/task/database.py", line 29, in get_db subprocess.check_call(['pip', 'install', 'sqlitecloud']) File "/var/lang/lib/python3.12/subprocess.py", line 413, in check_call raise CalledProcessError(retcode, cmd) subprocess.CalledProcessError: Command '['pip', 'install', 'sqlitecloud']' returned non-zero exit status 1. During handling of the above exception, another exception occurred: Traceback (most recent call last): File "/var/task/vc__handler__python.py", line 243, in <module> __vc_spec.loader.exec_module(__vc_module) File "<frozen importlib._bootstrap_external>", line 999, in exec_module File "<frozen importlib._bootstrap>", line 488, in _call_with_frames_removed File "/var/task/api/index.py", line 8, in <module> from app import app File "/var/task/app.py", line 1062, in <module> init_db() File "/var/task/database.py", line 334, in init_db conn = get_db() ^^^^^^^^ File "/var/task/database.py", line 49, in get_db conn = sqlite3.connect('mentormind.db', timeout=60.0, check_same_thread=False) ^^^^^^^^^^^^^^^^^^^^^^^^^^^^^^^^^^^^^^^^^^^^^^^^^^^^^^^^^^^^^^^^^^^^^^^ sqlite3.OperationalError: unable to open database file Thread de ping ao SQLite Cloud iniciado Erro ao conectar ao SQLite Cloud: Command '['pip', 'install', 'sqlitecloud']' returned non-zero exit status 1. Tentando conexão local de fallback... [2025-12-01 17:40:36.444138] Erro no ping ao SQLite Cloud: unable to open database file Erro ao conectar ao SQLite Cloud: Command '['pip', 'install', 'sqlitecloud']' returned non-zero exit status 1. Tentando conexão local de fallback... Python process exited with exit status: 1. The logs above can help with debugging the issue.
Dec 01 14:40:30.85
GET
---
mentormindapp-3kounbx4j-paulo-davis-projects.vercel.app
/
metadata (3.8 kB) Downloading sqlitecloud-0.0.84-py3-none-any.whl (49 kB) Downloading sqlitecloud-0.0.84-py3-none-any.whl (49 kB) Downloading lz4-4.4.5-cp312-cp312-manylinux2014_x86_64.manylinux_2_17_x86_64.manylinux_2_28_x86_64.whl (1.4 MB) Downloading lz4-4.4.5-cp312-cp312-manylinux2014_x86_64.manylinux_2_17_x86_64.manylinux_2_28_x86_64.whl (1.4 MB) ━━━━━━━━━━━━━━━━━━━━━━━━━━━━━━━━━━━━━━━━ 1.4/1.4 MB 117.6 MB/s eta 0:00:00 ━━━━━━━━━━━━━━━━━━━━━━━━━━━━━━━━━━━━━━━━ 1.4/1.4 MB 147.5 MB/s eta 0:00:00 Installing collected packages: lz4, sqlitecloud Installing collected packages: lz4, sqlitecloud WARNING: The directory '/home/sbx_user1051/.cache/pip' or its parent directory is not owned or is not writable by the current user. The cache has been disabled. Check the permissions and owner of that directory. If executing pip with sudo, you should use sudo's -H flag. WARNING: The directory '/home/sbx_user1051/.cache/pip' or its parent directory is not owned or is not writable by the current user. The cache has been disabled. Check the permissions and owner of that directory. If executing pip with sudo, you should use sudo's -H flag. ERROR: Could not install packages due to an OSError: [Errno 30] Read-only file system: '/home/sbx_user1051' ERROR: Could not install packages due to an OSError: [Errno 30] Read-only file system: '/home/sbx_user1051' [notice] A new release of pip is available: 25.0.1 -> 25.3 [notice] To update, run: pip install --upgrade pip [notice] A new release of pip is available: 25.0.1 -> 25.3 [notice] To update, run: pip install --upgrade pip Error importing api/index.py: Traceback (most recent call last): File "/var/task/database.py", line 26, in get_db import sqlitecloud ModuleNotFoundError: No module named 'sqlitecloud' During handling of the above exception, another exception occurred: Traceback (most recent call last): File "/var/task/database.py", line 29, in get_db subprocess.check_call(['pip', 'install', 'sqlitecloud']) File "/var/lang/lib/python3.12/subprocess.py", line 413, in check_call raise CalledProcessError(retcode, cmd) subprocess.CalledProcessError: Command '['pip', 'install', 'sqlitecloud']' returned non-zero exit status 1. During handling of the above exception, another exception occurred: Traceback (most recent call last): File "/var/task/vc__handler__python.py", line 243, in <module> __vc_spec.loader.exec_module(__vc_module) File "<frozen importlib._bootstrap_external>", line 999, in exec_module File "<frozen importlib._bootstrap>", line 488, in _call_with_frames_removed File "/var/task/api/index.py", line 8, in <module> from app import app File "/var/task/app.py", line 1062, in <module> init_db() File "/var/task/database.py", line 334, in init_db conn = get_db() ^^^^^^^^ File "/var/task/database.py", line 49, in get_db conn = sqlite3.connect('mentormind.db', timeout=60.0, check_same_thread=False) ^^^^^^^^^^^^^^^^^^^^^^^^^^^^^^^^^^^^^^^^^^^^^^^^^^^^^^^^^^^^^^^^^^^^^^^ sqlite3.OperationalError: unable to open database file Thread de ping ao SQLite Cloud iniciado Erro ao conectar ao SQLite Cloud: Command '['pip', 'install', 'sqlitecloud']' returned non-zero exit status 1. Tentando conexão local de fallback... Erro ao conectar ao SQLite Cloud: Command '['pip', 'install', 'sqlitecloud']' returned non-zero exit status 1. Tentando conexão local de fallback... [2025-12-01 17:40:36.639305] Erro no ping ao SQLite Cloud: unable to open database file Python process exited with exit status: 1. The logs above can help with debugging the issue.
No more logs to show within selected timeline